<component name="libraryTable">
  <library name="Junit 5">
    <CLASSES>
      <root url="file://$PROJECT_DIR$/libraries/Junit 5" />
    </CLASSES>
    <JAVADOC />
    <SOURCES />
    <jarDirectory url="file://$PROJECT_DIR$/libraries/Junit 5" recursive="false" />
  </library>
</component>